# JRE version: OpenJDK Runtime Environment Temurin-21.0.9+10 (21.0.9+10) (build 21.0.9+10-LTS)
# Java VM: OpenJDK 64-Bit Server VM Temurin-21.0.9+10 (21.0.9+10-LTS, mixed mode, sharing, tiered, compressed oops, compressed class ptrs, parallel gc, windows-amd64)
GC Precious Log:
 CardTable entry size: 512
 CPUs: 8 total, 8 available
 Memory: 6030M
 Large Page Support: Disabled
 NUMA Support: Disabled
 Compressed Oops: Enabled (32-bit)
 Alignments: Space 512K, Generation 512K, Heap 2M
 Heap Min Capacity: 100M
 Heap Initial Capacity: 100M
 Heap Max Capacity: 2G
 Pre-touch: Disabled
 Parallel Workers: 8
Heap:
 PSYoungGen      total 19456K, used 14934K [0x00000000d5580000, 0x00000000d6f00000, 0x0000000100000000)
  eden space 17920K, 74% used [0x00000000d5580000,0x00000000d62970f0,0x00000000d6700000)
  from space 1536K, 99% used [0x00000000d6a80000,0x00000000d6bfe8d8,0x00000000d6c00000)
  to   space 3584K, 0% used [0x00000000d6700000,0x00000000d6700000,0x00000000d6a80000)
 ParOldGen       total 92160K, used 89092K [0x0000000080000000, 0x0000000085a00000, 0x00000000d5580000)
  object space 92160K, 96% used [0x0000000080000000,0x0000000085701148,0x0000000085a00000)
 Metaspace       used 71739K, committed 73280K, reserved 1114112K
  class space    used 7692K, committed 8320K, reserved 1048576K
GC Heap History (20 events):
Event: 71.899 GC heap before
{Heap before GC invocations=102 (full 3):
 PSYoungGen      total 19968K, used 19738K [0x00000000d5580000, 0x00000000d6a80000, 0x0000000100000000)
  eden space 18944K, 100% used [0x00000000d5580000,0x00000000d6800000,0x00000000d6800000)
  from space 1024K, 77% used [0x00000000d6980000,0x00000000d6a46948,0x00000000d6a80000)
  to   space 1024K, 0% used [0x00000000d6800000,0x00000000d6800000,0x00000000d6900000)
 ParOldGen       total 68608K, used 53274K [0x0000000080000000, 0x0000000084300000, 0x00000000d5580000)
  object space 68608K, 77% used [0x0000000080000000,0x0000000083406810,0x0000000084300000)
 Metaspace       used 68401K, committed 69824K, reserved 1114112K
  class space    used 7384K, committed 8000K, reserved 1048576K
}
Event: 71.902 GC heap after
{Heap after GC invocations=102 (full 3):
 PSYoungGen      total 19968K, used 1024K [0x00000000d5580000, 0x00000000d6c00000, 0x0000000100000000)
  eden space 18944K, 0% used [0x00000000d5580000,0x00000000d5580000,0x00000000d6800000)
  from space 1024K, 100% used [0x00000000d6800000,0x00000000d6900000,0x00000000d6900000)
  to   space 2048K, 0% used [0x00000000d6a00000,0x00000000d6a00000,0x00000000d6c00000)
 ParOldGen       total 68608K, used 53957K [0x0000000080000000, 0x0000000084300000, 0x00000000d5580000)
  object space 68608K, 78% used [0x0000000080000000,0x00000000834b15b0,0x0000000084300000)
 Metaspace       used 68401K, committed 69824K, reserved 1114112K
  class space    used 7384K, committed 8000K, reserved 1048576K
}
Event: 73.760 GC heap before
{Heap before GC invocations=103 (full 3):
 PSYoungGen      total 19968K, used 19967K [0x00000000d5580000, 0x00000000d6c00000, 0x0000000100000000)
  eden space 18944K, 99% used [0x00000000d5580000,0x00000000d67fffe0,0x00000000d6800000)
  from space 1024K, 100% used [0x00000000d6800000,0x00000000d6900000,0x00000000d6900000)
  to   space 2048K, 0% used [0x00000000d6a00000,0x00000000d6a00000,0x00000000d6c00000)
 ParOldGen       total 68608K, used 53957K [0x0000000080000000, 0x0000000084300000, 0x00000000d5580000)
  object space 68608K, 78% used [0x0000000080000000,0x00000000834b15b0,0x0000000084300000)
 Metaspace       used 69464K, committed 70912K, reserved 1114112K
  class space    used 7481K, committed 8128K, reserved 1048576K
}
Event: 73.763 GC heap after
{Heap after GC invocations=103 (full 3):
 PSYoungGen      total 20992K, used 1714K [0x00000000d5580000, 0x00000000d6c00000, 0x0000000100000000)
  eden space 18944K, 0% used [0x00000000d5580000,0x00000000d5580000,0x00000000d6800000)
  from space 2048K, 83% used [0x00000000d6a00000,0x00000000d6bac990,0x00000000d6c00000)
  to   space 2048K, 0% used [0x00000000d6800000,0x00000000d6800000,0x00000000d6a00000)
 ParOldGen       total 68608K, used 54461K [0x0000000080000000, 0x0000000084300000, 0x00000000d5580000)
  object space 68608K, 79% used [0x0000000080000000,0x000000008352f5b0,0x0000000084300000)
 Metaspace       used 69464K, committed 70912K, reserved 1114112K
  class space    used 7481K, committed 8128K, reserved 1048576K
}
Event: 74.616 GC heap before
{Heap before GC invocations=104 (full 3):
 PSYoungGen      total 20992K, used 20658K [0x00000000d5580000, 0x00000000d6c00000, 0x0000000100000000)
  eden space 18944K, 100% used [0x00000000d5580000,0x00000000d6800000,0x00000000d6800000)
  from space 2048K, 83% used [0x00000000d6a00000,0x00000000d6bac990,0x00000000d6c00000)
  to   space 2048K, 0% used [0x00000000d6800000,0x00000000d6800000,0x00000000d6a00000)
 ParOldGen       total 68608K, used 54461K [0x0000000080000000, 0x0000000084300000, 0x00000000d5580000)
  object space 68608K, 79% used [0x0000000080000000,0x000000008352f5b0,0x0000000084300000)
 Metaspace       used 69604K, committed 71040K, reserved 1114112K
  class space    used 7486K, committed 8128K, reserved 1048576K
}
Event: 74.623 GC heap after
{Heap after GC invocations=104 (full 3):
 PSYoungGen      total 20992K, used 2048K [0x00000000d5580000, 0x00000000d7100000, 0x0000000100000000)
  eden space 18944K, 0% used [0x00000000d5580000,0x00000000d5580000,0x00000000d6800000)
  from space 2048K, 100% used [0x00000000d6800000,0x00000000d6a00000,0x00000000d6a00000)
  to   space 4608K, 0% used [0x00000000d6c80000,0x00000000d6c80000,0x00000000d7100000)
 ParOldGen       total 68608K, used 56210K [0x0000000080000000, 0x0000000084300000, 0x00000000d5580000)
  object space 68608K, 81% used [0x0000000080000000,0x00000000836e4b60,0x0000000084300000)
 Metaspace       used 69604K, committed 71040K, reserved 1114112K
  class space    used 7486K, committed 8128K, reserved 1048576K
}
Event: 76.046 GC heap before
{Heap before GC invocations=105 (full 3):
 PSYoungGen      total 20992K, used 20992K [0x00000000d5580000, 0x00000000d7100000, 0x0000000100000000)
  eden space 18944K, 100% used [0x00000000d5580000,0x00000000d6800000,0x00000000d6800000)
  from space 2048K, 100% used [0x00000000d6800000,0x00000000d6a00000,0x00000000d6a00000)
  to   space 4608K, 0% used [0x00000000d6c80000,0x00000000d6c80000,0x00000000d7100000)
 ParOldGen       total 68608K, used 56210K [0x0000000080000000, 0x0000000084300000, 0x00000000d5580000)
  object space 68608K, 81% used [0x0000000080000000,0x00000000836e4b60,0x0000000084300000)
 Metaspace       used 69639K, committed 71104K, reserved 1114112K
  class space    used 7486K, committed 8128K, reserved 1048576K
}
Event: 76.051 GC heap after
{Heap after GC invocations=105 (full 3):
 PSYoungGen      total 20992K, used 1856K [0x00000000d5580000, 0x00000000d6e80000, 0x0000000100000000)
  eden space 18944K, 0% used [0x00000000d5580000,0x00000000d5580000,0x00000000d6800000)
  from space 2048K, 90% used [0x00000000d6c80000,0x00000000d6e50000,0x00000000d6e80000)
  to   space 2560K, 0% used [0x00000000d6980000,0x00000000d6980000,0x00000000d6c00000)
 ParOldGen       total 68608K, used 58213K [0x0000000080000000, 0x0000000084300000, 0x00000000d5580000)
  object space 68608K, 84% used [0x0000000080000000,0x00000000838d97e0,0x0000000084300000)
 Metaspace       used 69639K, committed 71104K, reserved 1114112K
  class space    used 7486K, committed 8128K, reserved 1048576K
}
Event: 80.389 GC heap before
{Heap before GC invocations=106 (full 3):
 PSYoungGen      total 20992K, used 20800K [0x00000000d5580000, 0x00000000d6e80000, 0x0000000100000000)
  eden space 18944K, 100% used [0x00000000d5580000,0x00000000d6800000,0x00000000d6800000)
  from space 2048K, 90% used [0x00000000d6c80000,0x00000000d6e50000,0x00000000d6e80000)
  to   space 2560K, 0% used [0x00000000d6980000,0x00000000d6980000,0x00000000d6c00000)
 ParOldGen       total 68608K, used 58213K [0x0000000080000000, 0x0000000084300000, 0x00000000d5580000)
  object space 68608K, 84% used [0x0000000080000000,0x00000000838d97e0,0x0000000084300000)
 Metaspace       used 69693K, committed 71104K, reserved 1114112K
  class space    used 7486K, committed 8128K, reserved 1048576K
}
Event: 80.399 GC heap after
{Heap after GC invocations=106 (full 3):
 PSYoungGen      total 20992K, used 1824K [0x00000000d5580000, 0x00000000d6d00000, 0x0000000100000000)
  eden space 18944K, 0% used [0x00000000d5580000,0x00000000d5580000,0x00000000d6800000)
  from space 2048K, 89% used [0x00000000d6980000,0x00000000d6b48000,0x00000000d6b80000)
  to   space 1536K, 0% used [0x00000000d6b80000,0x00000000d6b80000,0x00000000d6d00000)
 ParOldGen       total 68608K, used 59825K [0x0000000080000000, 0x0000000084300000, 0x00000000d5580000)
  object space 68608K, 87% used [0x0000000080000000,0x0000000083a6c420,0x0000000084300000)
 Metaspace       used 69693K, committed 71104K, reserved 1114112K
  class space    used 7486K, committed 8128K, reserved 1048576K
}
Event: 81.109 GC heap before
{Heap before GC invocations=107 (full 3):
 PSYoungGen      total 20992K, used 20768K [0x00000000d5580000, 0x00000000d6d00000, 0x0000000100000000)
  eden space 18944K, 100% used [0x00000000d5580000,0x00000000d6800000,0x00000000d6800000)
  from space 2048K, 89% used [0x00000000d6980000,0x00000000d6b48000,0x00000000d6b80000)
  to   space 1536K, 0% used [0x00000000d6b80000,0x00000000d6b80000,0x00000000d6d00000)
 ParOldGen       total 68608K, used 59825K [0x0000000080000000, 0x0000000084300000, 0x00000000d5580000)
  object space 68608K, 87% used [0x0000000080000000,0x0000000083a6c420,0x0000000084300000)
 Metaspace       used 69729K, committed 71168K, reserved 1114112K
  class space    used 7486K, committed 8128K, reserved 1048576K
}
Event: 81.113 GC heap after
{Heap after GC invocations=107 (full 3):
 PSYoungGen      total 20480K, used 1264K [0x00000000d5580000, 0x00000000d6d00000, 0x0000000100000000)
  eden space 18944K, 0% used [0x00000000d5580000,0x00000000d5580000,0x00000000d6800000)
  from space 1536K, 82% used [0x00000000d6b80000,0x00000000d6cbc010,0x00000000d6d00000)
  to   space 1536K, 0% used [0x00000000d6a00000,0x00000000d6a00000,0x00000000d6b80000)
 ParOldGen       total 68608K, used 61387K [0x0000000080000000, 0x0000000084300000, 0x00000000d5580000)
  object space 68608K, 89% used [0x0000000080000000,0x0000000083bf2d70,0x0000000084300000)
 Metaspace       used 69729K, committed 71168K, reserved 1114112K
  class space    used 7486K, committed 8128K, reserved 1048576K
}
Event: 88.005 GC heap before
{Heap before GC invocations=108 (full 3):
 PSYoungGen      total 20480K, used 20208K [0x00000000d5580000, 0x00000000d6d00000, 0x0000000100000000)
  eden space 18944K, 100% used [0x00000000d5580000,0x00000000d6800000,0x00000000d6800000)
  from space 1536K, 82% used [0x00000000d6b80000,0x00000000d6cbc010,0x00000000d6d00000)
  to   space 1536K, 0% used [0x00000000d6a00000,0x00000000d6a00000,0x00000000d6b80000)
 ParOldGen       total 68608K, used 61387K [0x0000000080000000, 0x0000000084300000, 0x00000000d5580000)
  object space 68608K, 89% used [0x0000000080000000,0x0000000083bf2d70,0x0000000084300000)
 Metaspace       used 69959K, committed 71360K, reserved 1114112K
  class space    used 7512K, committed 8128K, reserved 1048576K
}
Event: 88.010 GC heap after
{Heap after GC invocations=108 (full 3):
 PSYoungGen      total 20480K, used 1200K [0x00000000d5580000, 0x00000000d6c00000, 0x0000000100000000)
  eden space 18944K, 0% used [0x00000000d5580000,0x00000000d5580000,0x00000000d6800000)
  from space 1536K, 78% used [0x00000000d6a00000,0x00000000d6b2c030,0x00000000d6b80000)
  to   space 512K, 0% used [0x00000000d6b80000,0x00000000d6b80000,0x00000000d6c00000)
 ParOldGen       total 68608K, used 62363K [0x0000000080000000, 0x0000000084300000, 0x00000000d5580000)
  object space 68608K, 90% used [0x0000000080000000,0x0000000083ce6d70,0x0000000084300000)
 Metaspace       used 69959K, committed 71360K, reserved 1114112K
  class space    used 7512K, committed 8128K, reserved 1048576K
}
Event: 88.648 GC heap before
{Heap before GC invocations=109 (full 3):
 PSYoungGen      total 20480K, used 20144K [0x00000000d5580000, 0x00000000d6c00000, 0x0000000100000000)
  eden space 18944K, 100% used [0x00000000d5580000,0x00000000d6800000,0x00000000d6800000)
  from space 1536K, 78% used [0x00000000d6a00000,0x00000000d6b2c030,0x00000000d6b80000)
  to   space 512K, 0% used [0x00000000d6b80000,0x00000000d6b80000,0x00000000d6c00000)
 ParOldGen       total 92160K, used 85403K [0x0000000080000000, 0x0000000085a00000, 0x00000000d5580000)
  object space 92160K, 92% used [0x0000000080000000,0x0000000085366d90,0x0000000085a00000)
 Metaspace       used 70346K, committed 71808K, reserved 1114112K
  class space    used 7546K, committed 8192K, reserved 1048576K
}
Event: 88.650 GC heap after
{Heap after GC invocations=109 (full 3):
 PSYoungGen      total 19456K, used 485K [0x00000000d5580000, 0x00000000d6c00000, 0x0000000100000000)
  eden space 18944K, 0% used [0x00000000d5580000,0x00000000d5580000,0x00000000d6800000)
  from space 512K, 94% used [0x00000000d6b80000,0x00000000d6bf9420,0x00000000d6c00000)
  to   space 1536K, 0% used [0x00000000d6900000,0x00000000d6900000,0x00000000d6a80000)
 ParOldGen       total 92160K, used 86223K [0x0000000080000000, 0x0000000085a00000, 0x00000000d5580000)
  object space 92160K, 93% used [0x0000000080000000,0x0000000085433da0,0x0000000085a00000)
 Metaspace       used 70346K, committed 71808K, reserved 1114112K
  class space    used 7546K, committed 8192K, reserved 1048576K
}
Event: 90.314 GC heap before
{Heap before GC invocations=110 (full 3):
 PSYoungGen      total 19456K, used 19429K [0x00000000d5580000, 0x00000000d6c00000, 0x0000000100000000)
  eden space 18944K, 100% used [0x00000000d5580000,0x00000000d6800000,0x00000000d6800000)
  from space 512K, 94% used [0x00000000d6b80000,0x00000000d6bf9420,0x00000000d6c00000)
  to   space 1536K, 0% used [0x00000000d6900000,0x00000000d6900000,0x00000000d6a80000)
 ParOldGen       total 92160K, used 86223K [0x0000000080000000, 0x0000000085a00000, 0x00000000d5580000)
  object space 92160K, 93% used [0x0000000080000000,0x0000000085433da0,0x0000000085a00000)
 Metaspace       used 71364K, committed 72896K, reserved 1114112K
  class space    used 7679K, committed 8320K, reserved 1048576K
}
Event: 90.318 GC heap after
{Heap after GC invocations=110 (full 3):
 PSYoungGen      total 20480K, used 1528K [0x00000000d5580000, 0x00000000d6c00000, 0x0000000100000000)
  eden space 18944K, 0% used [0x00000000d5580000,0x00000000d5580000,0x00000000d6800000)
  from space 1536K, 99% used [0x00000000d6900000,0x00000000d6a7e300,0x00000000d6a80000)
  to   space 1536K, 0% used [0x00000000d6a80000,0x00000000d6a80000,0x00000000d6c00000)
 ParOldGen       total 92160K, used 87457K [0x0000000080000000, 0x0000000085a00000, 0x00000000d5580000)
  object space 92160K, 94% used [0x0000000080000000,0x00000000855686d0,0x0000000085a00000)
 Metaspace       used 71364K, committed 72896K, reserved 1114112K
  class space    used 7679K, committed 8320K, reserved 1048576K
}
Event: 91.797 GC heap before
{Heap before GC invocations=111 (full 3):
 PSYoungGen      total 20480K, used 20465K [0x00000000d5580000, 0x00000000d6c00000, 0x0000000100000000)
  eden space 18944K, 99% used [0x00000000d5580000,0x00000000d67fe418,0x00000000d6800000)
  from space 1536K, 99% used [0x00000000d6900000,0x00000000d6a7e300,0x00000000d6a80000)
  to   space 1536K, 0% used [0x00000000d6a80000,0x00000000d6a80000,0x00000000d6c00000)
 ParOldGen       total 92160K, used 87457K [0x0000000080000000, 0x0000000085a00000, 0x00000000d5580000)
  object space 92160K, 94% used [0x0000000080000000,0x00000000855686d0,0x0000000085a00000)
 Metaspace       used 71544K, committed 73088K, reserved 1114112K
  class space    used 7683K, committed 8320K, reserved 1048576K
}
Event: 91.801 GC heap after
{Heap after GC invocations=111 (full 3):
 PSYoungGen      total 19456K, used 1530K [0x00000000d5580000, 0x00000000d6f00000, 0x0000000100000000)
  eden space 17920K, 0% used [0x00000000d5580000,0x00000000d5580000,0x00000000d6700000)
  from space 1536K, 99% used [0x00000000d6a80000,0x00000000d6bfe8d8,0x00000000d6c00000)
  to   space 3584K, 0% used [0x00000000d6700000,0x00000000d6700000,0x00000000d6a80000)
 ParOldGen       total 92160K, used 89092K [0x0000000080000000, 0x0000000085a00000, 0x00000000d5580000)
  object space 92160K, 96% used [0x0000000080000000,0x0000000085701148,0x0000000085a00000)
 Metaspace       used 71544K, committed 73088K, reserved 1114112K
  class space    used 7683K, committed 8320K, reserved 1048576K
}

