# JRE version: OpenJDK Runtime Environment Temurin-21.0.9+10 (21.0.9+10) (build 21.0.9+10-LTS)
# Java VM: OpenJDK 64-Bit Server VM Temurin-21.0.9+10 (21.0.9+10-LTS, mixed mode, sharing, tiered, compressed oops, compressed class ptrs, parallel gc, windows-amd64)
GC Precious Log:
 CardTable entry size: 512
 CPUs: 8 total, 8 available
 Memory: 6030M
 Large Page Support: Disabled
 NUMA Support: Disabled
 Compressed Oops: Enabled (32-bit)
 Alignments: Space 512K, Generation 512K, Heap 2M
 Heap Min Capacity: 100M
 Heap Initial Capacity: 100M
 Heap Max Capacity: 2G
 Pre-touch: Disabled
 Parallel Workers: 8
Heap:
 PSYoungGen      total 3072K, used 838K [0x00000000d5580000, 0x00000000d5900000, 0x0000000100000000)
  eden space 2560K, 19% used [0x00000000d5580000,0x00000000d55f9b60,0x00000000d5800000)
  from space 512K, 68% used [0x00000000d5880000,0x00000000d58d8000,0x00000000d5900000)
  to   space 512K, 0% used [0x00000000d5800000,0x00000000d5800000,0x00000000d5880000)
 ParOldGen       total 439296K, used 438928K [0x0000000080000000, 0x000000009ad00000, 0x00000000d5580000)
  object space 439296K, 99% used [0x0000000080000000,0x000000009aca4288,0x000000009ad00000)
 Metaspace       used 61736K, committed 63232K, reserved 1114112K
  class space    used 6598K, committed 7232K, reserved 1048576K
GC Heap History (20 events):
Event: 46.106 GC heap after
{Heap after GC invocations=449 (full 3):
 PSYoungGen      total 2048K, used 320K [0x00000000d5580000, 0x00000000d5880000, 0x0000000100000000)
  eden space 1536K, 0% used [0x00000000d5580000,0x00000000d5580000,0x00000000d5700000)
  from space 512K, 62% used [0x00000000d5800000,0x00000000d5850000,0x00000000d5880000)
  to   space 512K, 0% used [0x00000000d5780000,0x00000000d5780000,0x00000000d5800000)
 ParOldGen       total 436736K, used 436399K [0x0000000080000000, 0x000000009aa80000, 0x00000000d5580000)
  object space 436736K, 99% used [0x0000000080000000,0x000000009aa2bc60,0x000000009aa80000)
 Metaspace       used 61730K, committed 63232K, reserved 1114112K
  class space    used 6598K, committed 7232K, reserved 1048576K
}
Event: 46.117 GC heap before
{Heap before GC invocations=450 (full 3):
 PSYoungGen      total 2048K, used 1856K [0x00000000d5580000, 0x00000000d5880000, 0x0000000100000000)
  eden space 1536K, 100% used [0x00000000d5580000,0x00000000d5700000,0x00000000d5700000)
  from space 512K, 62% used [0x00000000d5800000,0x00000000d5850000,0x00000000d5880000)
  to   space 512K, 0% used [0x00000000d5780000,0x00000000d5780000,0x00000000d5800000)
 ParOldGen       total 436736K, used 436399K [0x0000000080000000, 0x000000009aa80000, 0x00000000d5580000)
  object space 436736K, 99% used [0x0000000080000000,0x000000009aa2bc60,0x000000009aa80000)
 Metaspace       used 61730K, committed 63232K, reserved 1114112K
  class space    used 6598K, committed 7232K, reserved 1048576K
}
Event: 46.119 GC heap after
{Heap after GC invocations=450 (full 3):
 PSYoungGen      total 2048K, used 352K [0x00000000d5580000, 0x00000000d5880000, 0x0000000100000000)
  eden space 1536K, 0% used [0x00000000d5580000,0x00000000d5580000,0x00000000d5700000)
  from space 512K, 68% used [0x00000000d5780000,0x00000000d57d8000,0x00000000d5800000)
  to   space 512K, 0% used [0x00000000d5800000,0x00000000d5800000,0x00000000d5880000)
 ParOldGen       total 436736K, used 436639K [0x0000000080000000, 0x000000009aa80000, 0x00000000d5580000)
  object space 436736K, 99% used [0x0000000080000000,0x000000009aa67c60,0x000000009aa80000)
 Metaspace       used 61730K, committed 63232K, reserved 1114112K
  class space    used 6598K, committed 7232K, reserved 1048576K
}
Event: 46.141 GC heap before
{Heap before GC invocations=451 (full 3):
 PSYoungGen      total 2048K, used 1888K [0x00000000d5580000, 0x00000000d5880000, 0x0000000100000000)
  eden space 1536K, 100% used [0x00000000d5580000,0x00000000d5700000,0x00000000d5700000)
  from space 512K, 68% used [0x00000000d5780000,0x00000000d57d8000,0x00000000d5800000)
  to   space 512K, 0% used [0x00000000d5800000,0x00000000d5800000,0x00000000d5880000)
 ParOldGen       total 436736K, used 436639K [0x0000000080000000, 0x000000009aa80000, 0x00000000d5580000)
  object space 436736K, 99% used [0x0000000080000000,0x000000009aa67c60,0x000000009aa80000)
 Metaspace       used 61730K, committed 63232K, reserved 1114112K
  class space    used 6598K, committed 7232K, reserved 1048576K
}
Event: 46.143 GC heap after
{Heap after GC invocations=451 (full 3):
 PSYoungGen      total 2048K, used 452K [0x00000000d5580000, 0x00000000d5880000, 0x0000000100000000)
  eden space 1536K, 0% used [0x00000000d5580000,0x00000000d5580000,0x00000000d5700000)
  from space 512K, 88% used [0x00000000d5800000,0x00000000d5871220,0x00000000d5880000)
  to   space 512K, 0% used [0x00000000d5780000,0x00000000d5780000,0x00000000d5800000)
 ParOldGen       total 437248K, used 436866K [0x0000000080000000, 0x000000009ab00000, 0x00000000d5580000)
  object space 437248K, 99% used [0x0000000080000000,0x000000009aaa0868,0x000000009ab00000)
 Metaspace       used 61730K, committed 63232K, reserved 1114112K
  class space    used 6598K, committed 7232K, reserved 1048576K
}
Event: 46.150 GC heap before
{Heap before GC invocations=452 (full 3):
 PSYoungGen      total 2048K, used 1988K [0x00000000d5580000, 0x00000000d5880000, 0x0000000100000000)
  eden space 1536K, 100% used [0x00000000d5580000,0x00000000d5700000,0x00000000d5700000)
  from space 512K, 88% used [0x00000000d5800000,0x00000000d5871220,0x00000000d5880000)
  to   space 512K, 0% used [0x00000000d5780000,0x00000000d5780000,0x00000000d5800000)
 ParOldGen       total 437248K, used 436866K [0x0000000080000000, 0x000000009ab00000, 0x00000000d5580000)
  object space 437248K, 99% used [0x0000000080000000,0x000000009aaa0868,0x000000009ab00000)
 Metaspace       used 61730K, committed 63232K, reserved 1114112K
  class space    used 6598K, committed 7232K, reserved 1048576K
}
Event: 46.151 GC heap after
{Heap after GC invocations=452 (full 3):
 PSYoungGen      total 2048K, used 416K [0x00000000d5580000, 0x00000000d5880000, 0x0000000100000000)
  eden space 1536K, 0% used [0x00000000d5580000,0x00000000d5580000,0x00000000d5700000)
  from space 512K, 81% used [0x00000000d5780000,0x00000000d57e8000,0x00000000d5800000)
  to   space 512K, 0% used [0x00000000d5800000,0x00000000d5800000,0x00000000d5880000)
 ParOldGen       total 437248K, used 437034K [0x0000000080000000, 0x000000009ab00000, 0x00000000d5580000)
  object space 437248K, 99% used [0x0000000080000000,0x000000009aaca868,0x000000009ab00000)
 Metaspace       used 61730K, committed 63232K, reserved 1114112K
  class space    used 6598K, committed 7232K, reserved 1048576K
}
Event: 46.163 GC heap before
{Heap before GC invocations=453 (full 3):
 PSYoungGen      total 2048K, used 1952K [0x00000000d5580000, 0x00000000d5880000, 0x0000000100000000)
  eden space 1536K, 100% used [0x00000000d5580000,0x00000000d5700000,0x00000000d5700000)
  from space 512K, 81% used [0x00000000d5780000,0x00000000d57e8000,0x00000000d5800000)
  to   space 512K, 0% used [0x00000000d5800000,0x00000000d5800000,0x00000000d5880000)
 ParOldGen       total 437248K, used 437034K [0x0000000080000000, 0x000000009ab00000, 0x00000000d5580000)
  object space 437248K, 99% used [0x0000000080000000,0x000000009aaca868,0x000000009ab00000)
 Metaspace       used 61730K, committed 63232K, reserved 1114112K
  class space    used 6598K, committed 7232K, reserved 1048576K
}
Event: 46.166 GC heap after
{Heap after GC invocations=453 (full 3):
 PSYoungGen      total 2048K, used 288K [0x00000000d5580000, 0x00000000d5880000, 0x0000000100000000)
  eden space 1536K, 0% used [0x00000000d5580000,0x00000000d5580000,0x00000000d5700000)
  from space 512K, 56% used [0x00000000d5800000,0x00000000d5848000,0x00000000d5880000)
  to   space 512K, 0% used [0x00000000d5780000,0x00000000d5780000,0x00000000d5800000)
 ParOldGen       total 437760K, used 437326K [0x0000000080000000, 0x000000009ab80000, 0x00000000d5580000)
  object space 437760K, 99% used [0x0000000080000000,0x000000009ab13a70,0x000000009ab80000)
 Metaspace       used 61730K, committed 63232K, reserved 1114112K
  class space    used 6598K, committed 7232K, reserved 1048576K
}
Event: 46.176 GC heap before
{Heap before GC invocations=454 (full 3):
 PSYoungGen      total 2048K, used 1810K [0x00000000d5580000, 0x00000000d5880000, 0x0000000100000000)
  eden space 1536K, 99% used [0x00000000d5580000,0x00000000d56fc808,0x00000000d5700000)
  from space 512K, 56% used [0x00000000d5800000,0x00000000d5848000,0x00000000d5880000)
  to   space 512K, 0% used [0x00000000d5780000,0x00000000d5780000,0x00000000d5800000)
 ParOldGen       total 437760K, used 437326K [0x0000000080000000, 0x000000009ab80000, 0x00000000d5580000)
  object space 437760K, 99% used [0x0000000080000000,0x000000009ab13a70,0x000000009ab80000)
 Metaspace       used 61731K, committed 63232K, reserved 1114112K
  class space    used 6598K, committed 7232K, reserved 1048576K
}
Event: 46.177 GC heap after
{Heap after GC invocations=454 (full 3):
 PSYoungGen      total 2048K, used 342K [0x00000000d5580000, 0x00000000d5880000, 0x0000000100000000)
  eden space 1536K, 0% used [0x00000000d5580000,0x00000000d5580000,0x00000000d5700000)
  from space 512K, 66% used [0x00000000d5780000,0x00000000d57d5808,0x00000000d5800000)
  to   space 512K, 0% used [0x00000000d5800000,0x00000000d5800000,0x00000000d5880000)
 ParOldGen       total 437760K, used 437502K [0x0000000080000000, 0x000000009ab80000, 0x00000000d5580000)
  object space 437760K, 99% used [0x0000000080000000,0x000000009ab3fa70,0x000000009ab80000)
 Metaspace       used 61731K, committed 63232K, reserved 1114112K
  class space    used 6598K, committed 7232K, reserved 1048576K
}
Event: 46.189 GC heap before
{Heap before GC invocations=455 (full 3):
 PSYoungGen      total 2048K, used 1878K [0x00000000d5580000, 0x00000000d5880000, 0x0000000100000000)
  eden space 1536K, 100% used [0x00000000d5580000,0x00000000d5700000,0x00000000d5700000)
  from space 512K, 66% used [0x00000000d5780000,0x00000000d57d5808,0x00000000d5800000)
  to   space 512K, 0% used [0x00000000d5800000,0x00000000d5800000,0x00000000d5880000)
 ParOldGen       total 437760K, used 437502K [0x0000000080000000, 0x000000009ab80000, 0x00000000d5580000)
  object space 437760K, 99% used [0x0000000080000000,0x000000009ab3fa70,0x000000009ab80000)
 Metaspace       used 61731K, committed 63232K, reserved 1114112K
  class space    used 6598K, committed 7232K, reserved 1048576K
}
Event: 46.191 GC heap after
{Heap after GC invocations=455 (full 3):
 PSYoungGen      total 2048K, used 320K [0x00000000d5580000, 0x00000000d5880000, 0x0000000100000000)
  eden space 1536K, 0% used [0x00000000d5580000,0x00000000d5580000,0x00000000d5700000)
  from space 512K, 62% used [0x00000000d5800000,0x00000000d5850000,0x00000000d5880000)
  to   space 512K, 0% used [0x00000000d5780000,0x00000000d5780000,0x00000000d5800000)
 ParOldGen       total 437760K, used 437732K [0x0000000080000000, 0x000000009ab80000, 0x00000000d5580000)
  object space 437760K, 99% used [0x0000000080000000,0x000000009ab79278,0x000000009ab80000)
 Metaspace       used 61731K, committed 63232K, reserved 1114112K
  class space    used 6598K, committed 7232K, reserved 1048576K
}
Event: 46.322 GC heap before
{Heap before GC invocations=456 (full 3):
 PSYoungGen      total 2048K, used 1855K [0x00000000d5580000, 0x00000000d5880000, 0x0000000100000000)
  eden space 1536K, 99% used [0x00000000d5580000,0x00000000d56fffb0,0x00000000d5700000)
  from space 512K, 62% used [0x00000000d5800000,0x00000000d5850000,0x00000000d5880000)
  to   space 512K, 0% used [0x00000000d5780000,0x00000000d5780000,0x00000000d5800000)
 ParOldGen       total 437760K, used 437732K [0x0000000080000000, 0x000000009ab80000, 0x00000000d5580000)
  object space 437760K, 99% used [0x0000000080000000,0x000000009ab79278,0x000000009ab80000)
 Metaspace       used 61731K, committed 63232K, reserved 1114112K
  class space    used 6598K, committed 7232K, reserved 1048576K
}
Event: 46.325 GC heap after
{Heap after GC invocations=456 (full 3):
 PSYoungGen      total 2048K, used 291K [0x00000000d5580000, 0x00000000d5880000, 0x0000000100000000)
  eden space 1536K, 0% used [0x00000000d5580000,0x00000000d5580000,0x00000000d5700000)
  from space 512K, 56% used [0x00000000d5780000,0x00000000d57c8e00,0x00000000d5800000)
  to   space 512K, 0% used [0x00000000d5800000,0x00000000d5800000,0x00000000d5880000)
 ParOldGen       total 438272K, used 437916K [0x0000000080000000, 0x000000009ac00000, 0x00000000d5580000)
  object space 438272K, 99% used [0x0000000080000000,0x000000009aba7278,0x000000009ac00000)
 Metaspace       used 61731K, committed 63232K, reserved 1114112K
  class space    used 6598K, committed 7232K, reserved 1048576K
}
Event: 46.338 GC heap before
{Heap before GC invocations=457 (full 3):
 PSYoungGen      total 2048K, used 1827K [0x00000000d5580000, 0x00000000d5880000, 0x0000000100000000)
  eden space 1536K, 100% used [0x00000000d5580000,0x00000000d5700000,0x00000000d5700000)
  from space 512K, 56% used [0x00000000d5780000,0x00000000d57c8e00,0x00000000d5800000)
  to   space 512K, 0% used [0x00000000d5800000,0x00000000d5800000,0x00000000d5880000)
 ParOldGen       total 438272K, used 437916K [0x0000000080000000, 0x000000009ac00000, 0x00000000d5580000)
  object space 438272K, 99% used [0x0000000080000000,0x000000009aba7278,0x000000009ac00000)
 Metaspace       used 61731K, committed 63232K, reserved 1114112K
  class space    used 6598K, committed 7232K, reserved 1048576K
}
Event: 46.341 GC heap after
{Heap after GC invocations=457 (full 3):
 PSYoungGen      total 2048K, used 288K [0x00000000d5580000, 0x00000000d5880000, 0x0000000100000000)
  eden space 1536K, 0% used [0x00000000d5580000,0x00000000d5580000,0x00000000d5700000)
  from space 512K, 56% used [0x00000000d5800000,0x00000000d5848000,0x00000000d5880000)
  to   space 512K, 0% used [0x00000000d5780000,0x00000000d5780000,0x00000000d5800000)
 ParOldGen       total 438272K, used 438048K [0x0000000080000000, 0x000000009ac00000, 0x00000000d5580000)
  object space 438272K, 99% used [0x0000000080000000,0x000000009abc8078,0x000000009ac00000)
 Metaspace       used 61731K, committed 63232K, reserved 1114112K
  class space    used 6598K, committed 7232K, reserved 1048576K
}
Event: 46.354 GC heap before
{Heap before GC invocations=458 (full 3):
 PSYoungGen      total 2048K, used 1810K [0x00000000d5580000, 0x00000000d5880000, 0x0000000100000000)
  eden space 1536K, 99% used [0x00000000d5580000,0x00000000d56fca50,0x00000000d5700000)
  from space 512K, 56% used [0x00000000d5800000,0x00000000d5848000,0x00000000d5880000)
  to   space 512K, 0% used [0x00000000d5780000,0x00000000d5780000,0x00000000d5800000)
 ParOldGen       total 438272K, used 438048K [0x0000000080000000, 0x000000009ac00000, 0x00000000d5580000)
  object space 438272K, 99% used [0x0000000080000000,0x000000009abc8078,0x000000009ac00000)
 Metaspace       used 61731K, committed 63232K, reserved 1114112K
  class space    used 6598K, committed 7232K, reserved 1048576K
}
Event: 46.356 GC heap after
{Heap after GC invocations=458 (full 3):
 PSYoungGen      total 2048K, used 352K [0x00000000d5580000, 0x00000000d5880000, 0x0000000100000000)
  eden space 1536K, 0% used [0x00000000d5580000,0x00000000d5580000,0x00000000d5700000)
  from space 512K, 68% used [0x00000000d5780000,0x00000000d57d8000,0x00000000d5800000)
  to   space 512K, 0% used [0x00000000d5800000,0x00000000d5800000,0x00000000d5880000)
 ParOldGen       total 438272K, used 438264K [0x0000000080000000, 0x000000009ac00000, 0x00000000d5580000)
  object space 438272K, 99% used [0x0000000080000000,0x000000009abfe078,0x000000009ac00000)
 Metaspace       used 61731K, committed 63232K, reserved 1114112K
  class space    used 6598K, committed 7232K, reserved 1048576K
}
Event: 46.369 GC heap before
{Heap before GC invocations=459 (full 3):
 PSYoungGen      total 2048K, used 1888K [0x00000000d5580000, 0x00000000d5880000, 0x0000000100000000)
  eden space 1536K, 100% used [0x00000000d5580000,0x00000000d5700000,0x00000000d5700000)
  from space 512K, 68% used [0x00000000d5780000,0x00000000d57d8000,0x00000000d5800000)
  to   space 512K, 0% used [0x00000000d5800000,0x00000000d5800000,0x00000000d5880000)
 ParOldGen       total 438272K, used 438264K [0x0000000080000000, 0x000000009ac00000, 0x00000000d5580000)
  object space 438272K, 99% used [0x0000000080000000,0x000000009abfe078,0x000000009ac00000)
 Metaspace       used 61734K, committed 63232K, reserved 1114112K
  class space    used 6598K, committed 7232K, reserved 1048576K
}

